<error time="22/02/2014 03:18:19:" message="error @ pop.aspx range namesObject reference not set to an instance of an object."></error>
<error time="22/02/2014 03:38:01:" message="error @ pop.aspx range namesObject reference not set to an instance of an object."></error>
<error time="22/02/2014 04:15:17:" message="error @ pop.aspx range namesObject reference not set to an instance of an object."></error>
<error time="22/02/2014 04:24:24:" message="error @ pop.aspx range namesObject reference not set to an instance of an object."></error>
<error time="22/02/2014 04:29:54:" message="error @ pop.aspx range namesObject reference not set to an instance of an object."></error>
<error time="22/02/2014 04:30:53:" message="error @ pop.aspx range namesObject reference not set to an instance of an object."></error>
<error time="22/02/2014 04:31:21:" message="error @ pop.aspx range namesObject reference not set to an instance of an object."></error>
<error time="22/02/2014 04:45:24:" message="error @ pop.aspx range namesObject reference not set to an instance of an object."></error>
<error time="22/02/2014 04:48:46:" message="error @ pop.aspx range namesObject reference not set to an instance of an object."></error>
<error time="22/02/2014 04:57:56:" message="error @ pop.aspx range namesObject reference not set to an instance of an object."></error>
<error time="25/02/2014 16:17:47:" message="error @ pop.aspx open fileCould not find file 'C:\inetpub\wwwroot\xxx\ibf.xlsx'."></error>
<error time="25/02/2014 16:17:48:" message="error @ pop.aspx open fileCould not find file 'C:\inetpub\wwwroot\xxx\ibf.xlsx'."></error>
<error time="25/02/2014 16:17:49:" message="error @ pop.aspx open fileCould not find file 'C:\inetpub\wwwroot\xxx\ibf.xlsx'."></error>
<error time="25/02/2014 16:17:50:" message="error @ pop.aspx open fileCould not find file 'C:\inetpub\wwwroot\xxx\ibf.xlsx'."></error>
<error time="25/02/2014 16:17:51:" message="error @ pop.aspx open fileCould not find file 'C:\inetpub\wwwroot\xxx\ibf.xlsx'."></error>
<error time="25/02/2014 16:20:54:" message="error @ pop.aspx open fileCould not find file 'C:\inetpub\wwwroot\xxx\ibf.xlsx'."></error>
<error time="25/02/2014 16:20:55:" message="error @ pop.aspx open fileCould not find file 'C:\inetpub\wwwroot\xxx\ibf.xlsx'."></error>
<error time="25/02/2014 16:20:57:" message="error @ pop.aspx open fileCould not find file 'C:\inetpub\wwwroot\xxx\ibf.xlsx'."></error>
<error time="25/02/2014 16:20:58:" message="error @ pop.aspx open fileCould not find file 'C:\inetpub\wwwroot\xxx\ibf.xlsx'."></error>
<error time="25/02/2014 16:20:59:" message="error @ pop.aspx open fileCould not find file 'C:\inetpub\wwwroot\xxx\ibf.xlsx'."></error>
<error time="25/02/2014 16:32:42:" message="error @ pop.aspx open fileCould not find file 'C:\inetpub\wwwroot\xxx\ibf.xlsx'."></error>
<error time="25/02/2014 16:33:31:" message="error @ pop.aspx open fileCould not find file 'C:\inetpub\wwwroot\xxx\ibf.xlsx'."></error>
<error time="25/02/2014 16:33:32:" message="error @ pop.aspx open fileCould not find file 'C:\inetpub\wwwroot\xxx\ibf.xlsx'."></error>
<error time="25/02/2014 16:33:33:" message="error @ pop.aspx open fileCould not find file 'C:\inetpub\wwwroot\xxx\ibf.xlsx'."></error>
<error time="25/02/2014 16:33:34:" message="error @ pop.aspx open fileCould not find file 'C:\inetpub\wwwroot\xxx\ibf.xlsx'."></error>
<error time="26/02/2014 07:07:36:" message="error @ pop.aspx range names1Index was out of range. Must be non-negative and less than the size of the collection.
Parameter name: index"></error>
<error time="26/02/2014 08:14:56:" message="error @ pop.aspx range names1Index was out of range. Must be non-negative and less than the size of the collection.
Parameter name: index"></error>
<error time="26/02/2014 08:25:27:" message="error @ pop.aspx range namesObject reference not set to an instance of an object."></error>
<error time="26/02/2014 09:30:25:" message="error @ pop.aspx range names1Showing a modal dialog box or form when the application is not running in UserInteractive mode is not a valid operation. Specify the ServiceNotification or DefaultDesktopOnly style to display a notification from a service application."></error>
<error time="26/02/2014 09:36:23:" message="eeee @ pop.aspx range names1
0 = C201 = Alterations and demolitions2 = Bio Hazard3 = true4 = QM5 = josh Arnold6 = the raini ni spain falls mainly on the plain
0 = V121 = LV Supply/ public utility supply2 = aa3 = true4 = OHS5 = Ahmed Almergawy6 = aaaaaaaaaaaaaaaaaaa
"></error>
